<?xml version="1.0" encoding="UTF-8"?>
<testng-results ignored="0" total="1" passed="1" failed="0" skipped="0">
  <reporter-output>
  </reporter-output>
  <suite started-at="2023-12-27T02:22:58 EST" name="Surefire suite" finished-at="2023-12-27T02:22:58 EST" duration-ms="14">
    <groups>
    </groups>
    <test started-at="2023-12-27T02:22:58 EST" name="Surefire test" finished-at="2023-12-27T02:22:58 EST" duration-ms="14">
      <class name="com.SeleniumFrameworkDesigning.tests.AppTest">
        <test-method signature="shouldAnswerWithTrue()" started-at="2023-12-27T02:22:58 EST" name="shouldAnswerWithTrue" finished-at="2023-12-27T02:22:58 EST" duration-ms="2" status="PASS">
          <reporter-output>
          </reporter-output>
        </test-method> <!-- shouldAnswerWithTrue -->
      </class> <!-- com.SeleniumFrameworkDesigning.tests.AppTest -->
    </test> <!-- Surefire test -->
  </suite> <!-- Surefire suite -->
</testng-results>
