<?xml version="1.0" encoding="UTF-8"?>
<!-- Generated by org.testng.reporters.JUnitXMLReporter -->
<testsuite ignored="0" hostname="MBP-de-Nimesha" failures="0" tests="2" name="Surefire test" time="6.703" errors="0" timestamp="2023-12-27T02:22:58 EST">
  <testcase classname="com.SeleniumFrameworkDesigning.tests.MakeTheBookingTest" name="makeBooking" time="0.866"/>
  <testcase classname="com.SeleniumFrameworkDesigning.tests.MakeTheBookingTest" name="makeBooking" time="0.771"/>
</testsuite> <!-- Surefire test -->
