<?xml version="1.0" encoding="UTF-8"?>
<!-- Generated by org.testng.reporters.JUnitXMLReporter -->
<testsuite ignored="0" hostname="MBP-de-Nimesha" failures="0" tests="2" name="Make The Booking Test" time="6.179" errors="0" timestamp="2023-12-27T02:23:34 EST">
  <testcase classname="com.SeleniumFrameworkDesigning.tests.MakeTheBookingTest" name="makeBooking" time="0.828"/>
  <testcase classname="com.SeleniumFrameworkDesigning.tests.MakeTheBookingTest" name="makeBooking" time="0.761"/>
</testsuite> <!-- Make The Booking Test -->
