<?xml version="1.0" encoding="UTF-8"?>
<testsuite xmlns:xsi="http://www.w3.org/2001/XMLSchema-instance" xsi:noNamespaceSchemaLocation="https://maven.apache.org/surefire/maven-surefire-plugin/xsd/surefire-test-report-3.0.xsd" version="3.0" name="TestSuite" time="6.567" tests="3" errors="0" skipped="0" failures="0">
  <properties>
[...]
</properties>
  <testcase name="makeBooking[{date=12/12/2024, password=ThisIsNotAPassword, program=1, facility=1, username=John Doe}](1)" classname="com.SeleniumFrameworkDesigning.tests.MakeTheBookingTest" time="0.385">
    <system-out><![CDATA[Click on login
Appointment page
]]></system-out>
    <system-err><![CDATA[SLF4J: No SLF4J providers were found.
SLF4J: Defaulting to no-operation (NOP) logger implementation
SLF4J: See https://www.slf4j.org/codes.html#noProviders for further details.
]]></system-err>
  </testcase>
  <testcase name="makeBooking[{date=01/01/2024, password=ThisIsNotAPassword, program=2, facility=2, username=John Doe}](2)" classname="com.SeleniumFrameworkDesigning.tests.MakeTheBookingTest" time="0.761">
    <system-out><![CDATA[Click on login
Appointment page
]]></system-out>
  </testcase>
  <testcase name="loginFail" classname="com.SeleniumFrameworkDesigning.tests.ErrorValidation" time="0.516">
    <system-out><![CDATA[Click on login
]]></system-out>
  </testcase>
</testsuite>