<?xml version="1.0" encoding="UTF-8"?>
<testng-results ignored="0" total="3" passed="3" failed="0" skipped="0">
  <reporter-output>
  </reporter-output>
  <suite started-at="2023-12-27T02:23:28 EST" name="Suite" finished-at="2023-12-27T02:23:34 EST" duration-ms="6179">
    <groups>
    </groups>
    <test started-at="2023-12-27T02:23:28 EST" name="Error Validation Test" finished-at="2023-12-27T02:23:32 EST" duration-ms="3778">
      <class name="com.SeleniumFrameworkDesigning.tests.ErrorValidation">
        <test-method is-config="true" signature="launchSite()[pri:0, instance:com.SeleniumFrameworkDesigning.tests.ErrorValidation@11392934]" started-at="2023-12-27T02:23:28 EST" name="launchSite" finished-at="2023-12-27T02:23:31 EST" duration-ms="3050" status="PASS">
          <reporter-output>
          </reporter-output>
        </test-method> <!-- launchSite -->
        <test-method signature="loginFail()[pri:0, instance:com.SeleniumFrameworkDesigning.tests.ErrorValidation@11392934]" started-at="2023-12-27T02:23:31 EST" name="loginFail" finished-at="2023-12-27T02:23:31 EST" duration-ms="517" status="PASS">
          <reporter-output>
          </reporter-output>
        </test-method> <!-- loginFail -->
        <test-method is-config="true" signature="tearDown()[pri:0, instance:com.SeleniumFrameworkDesigning.tests.ErrorValidation@11392934]" started-at="2023-12-27T02:23:31 EST" name="tearDown" finished-at="2023-12-27T02:23:32 EST" duration-ms="197" status="PASS">
          <reporter-output>
          </reporter-output>
        </test-method> <!-- tearDown -->
      </class> <!-- com.SeleniumFrameworkDesigning.tests.ErrorValidation -->
    </test> <!-- Error Validation Test -->
    <test started-at="2023-12-27T02:23:28 EST" name="Make The Booking Test" finished-at="2023-12-27T02:23:34 EST" duration-ms="6179">
      <class name="com.SeleniumFrameworkDesigning.tests.MakeTheBookingTest">
        <test-method is-config="true" signature="launchSite()[pri:0, instance:com.SeleniumFrameworkDesigning.tests.MakeTheBookingTest@4b8ee4de]" started-at="2023-12-27T02:23:28 EST" name="launchSite" finished-at="2023-12-27T02:23:31 EST" duration-ms="2500" status="PASS">
          <reporter-output>
          </reporter-output>
        </test-method> <!-- launchSite -->
        <test-method signature="makeBooking(java.util.HashMap)[pri:0, instance:com.SeleniumFrameworkDesigning.tests.MakeTheBookingTest@4b8ee4de]" started-at="2023-12-27T02:23:31 EST" name="makeBooking" data-provider="getData" finished-at="2023-12-27T02:23:31 EST" duration-ms="828" status="PASS">
          <params>
            <param index="0">
              <value>
                <![CDATA[{date=12/12/2024, password=ThisIsNotAPassword, program=1, facility=1, username=John Doe}]]>
              </value>
            </param>
          </params>
          <reporter-output>
          </reporter-output>
        </test-method> <!-- makeBooking -->
        <test-method is-config="true" signature="tearDown()[pri:0, instance:com.SeleniumFrameworkDesigning.tests.MakeTheBookingTest@4b8ee4de]" started-at="2023-12-27T02:23:31 EST" name="tearDown" finished-at="2023-12-27T02:23:31 EST" duration-ms="69" status="PASS">
          <reporter-output>
          </reporter-output>
        </test-method> <!-- tearDown -->
        <test-method is-config="true" signature="launchSite()[pri:0, instance:com.SeleniumFrameworkDesigning.tests.MakeTheBookingTest@4b8ee4de]" started-at="2023-12-27T02:23:31 EST" name="launchSite" finished-at="2023-12-27T02:23:33 EST" duration-ms="1790" status="PASS">
          <reporter-output>
          </reporter-output>
        </test-method> <!-- launchSite -->
        <test-method signature="makeBooking(java.util.HashMap)[pri:0, instance:com.SeleniumFrameworkDesigning.tests.MakeTheBookingTest@4b8ee4de]" started-at="2023-12-27T02:23:33 EST" name="makeBooking" data-provider="getData" finished-at="2023-12-27T02:23:34 EST" duration-ms="761" status="PASS">
          <params>
            <param index="0">
              <value>
                <![CDATA[{date=01/01/2024, password=ThisIsNotAPassword, program=2, facility=2, username=John Doe}]]>
              </value>
            </param>
          </params>
          <reporter-output>
          </reporter-output>
        </test-method> <!-- makeBooking -->
        <test-method is-config="true" signature="tearDown()[pri:0, instance:com.SeleniumFrameworkDesigning.tests.MakeTheBookingTest@4b8ee4de]" started-at="2023-12-27T02:23:34 EST" name="tearDown" finished-at="2023-12-27T02:23:34 EST" duration-ms="108" status="PASS">
          <reporter-output>
          </reporter-output>
        </test-method> <!-- tearDown -->
      </class> <!-- com.SeleniumFrameworkDesigning.tests.MakeTheBookingTest -->
    </test> <!-- Make The Booking Test -->
  </suite> <!-- Suite -->
</testng-results>
