<?xml version="1.0" encoding="UTF-8"?>
<testng-results ignored="0" total="1" passed="1" failed="0" skipped="0">
  <reporter-output>
  </reporter-output>
  <suite started-at="2023-12-27T01:28:24 EST" name="Suite" finished-at="2023-12-27T01:28:37 EST" duration-ms="13783">
    <groups>
    </groups>
    <test started-at="2023-12-27T01:28:24 EST" name="Error Validation Test" finished-at="2023-12-27T01:28:37 EST" duration-ms="13783">
      <class name="com.SeleniumFrameworkDesigning.tests.ErrorValidation">
        <test-method is-config="true" signature="launchSite()[pri:0, instance:com.SeleniumFrameworkDesigning.tests.ErrorValidation@42bc14c1]" started-at="2023-12-27T01:28:24 EST" name="launchSite" finished-at="2023-12-27T01:28:35 EST" duration-ms="11399" status="PASS">
          <reporter-output>
          </reporter-output>
        </test-method> <!-- launchSite -->
        <test-method signature="loginFail()[pri:0, instance:com.SeleniumFrameworkDesigning.tests.ErrorValidation@42bc14c1]" started-at="2023-12-27T01:28:35 EST" name="loginFail" finished-at="2023-12-27T01:28:37 EST" duration-ms="2165" status="PASS">
          <reporter-output>
          </reporter-output>
        </test-method> <!-- loginFail -->
        <test-method is-config="true" signature="tearDown()[pri:0, instance:com.SeleniumFrameworkDesigning.tests.ErrorValidation@42bc14c1]" started-at="2023-12-27T01:28:37 EST" name="tearDown" finished-at="2023-12-27T01:28:37 EST" duration-ms="150" status="PASS">
          <reporter-output>
          </reporter-output>
        </test-method> <!-- tearDown -->
      </class> <!-- com.SeleniumFrameworkDesigning.tests.ErrorValidation -->
    </test> <!-- Error Validation Test -->
  </suite> <!-- Suite -->
</testng-results>
